<?xml version="1.0" encoding="UTF-8"?>
<!-- Generated by org.testng.reporters.JUnitXMLReporter -->
<testsuite ignored="3" hostname="LAPTOP-O3R6MPBL" failures="0" tests="1" name="Default test" time="11.111" errors="0" timestamp="2025-04-27T17:29:21 IST">
  <testcase classname="RoughSelenium.Webtables" name="secondDataTable" time="11.071"/>
  <testcase classname="RoughSelenium.Webtables" name="test2" time="0.0">
    <ignored/>
  </testcase> <!-- test2 -->
  <testcase classname="RoughSelenium.Webtables" name="webtableManipulation" time="0.0">
    <ignored/>
  </testcase> <!-- webtableManipulation -->
  <testcase classname="RoughSelenium.Webtables" name="WebTabletest" time="0.0">
    <ignored/>
  </testcase> <!-- WebTabletest -->
</testsuite> <!-- Default test -->
