<?xml version="1.0" encoding="UTF-8"?>
<testng-results ignored="0" total="1" passed="1" failed="0" skipped="0">
  <reporter-output>
  </reporter-output>
  <suite started-at="2025-02-22T20:43:59 IST" name="Suite" finished-at="2025-02-22T20:44:14 IST" duration-ms="14988">
    <groups>
    </groups>
    <test started-at="2025-02-22T20:43:59 IST" name="Test" finished-at="2025-02-22T20:44:14 IST" duration-ms="14988">
      <class name="com.qa.testcases.AdminPagetest">
        <test-method is-config="true" signature="setUp()[pri:0, instance:com.qa.testcases.AdminPagetest@4c432866]" started-at="2025-02-22T20:43:59 IST" name="setUp" finished-at="2025-02-22T20:44:09 IST" duration-ms="9528" status="PASS">
          <reporter-output>
          </reporter-output>
        </test-method> <!-- setUp -->
        <test-method signature="Initilizewebsite_test()[pri:0, instance:com.qa.testcases.AdminPagetest@4c432866]" started-at="2025-02-22T20:44:09 IST" name="Initilizewebsite_test" finished-at="2025-02-22T20:44:14 IST" duration-ms="5206" status="PASS">
          <reporter-output>
          </reporter-output>
        </test-method> <!-- Initilizewebsite_test -->
        <test-method is-config="true" signature="teardown()[pri:0, instance:com.qa.testcases.AdminPagetest@4c432866]" started-at="2025-02-22T20:44:14 IST" name="teardown" finished-at="2025-02-22T20:44:14 IST" duration-ms="213" status="PASS">
          <reporter-output>
          </reporter-output>
        </test-method> <!-- teardown -->
      </class> <!-- com.qa.testcases.AdminPagetest -->
    </test> <!-- Test -->
  </suite> <!-- Suite -->
</testng-results>
