<?xml version="1.0" encoding="UTF-8"?>
<testng-results ignored="0" total="1" passed="1" failed="0" skipped="0">
  <reporter-output>
  </reporter-output>
  <suite started-at="2025-04-27T17:29:10 IST" name="Default suite" finished-at="2025-04-27T17:29:21 IST" duration-ms="11111">
    <groups>
    </groups>
    <test started-at="2025-04-27T17:29:10 IST" name="Default test" finished-at="2025-04-27T17:29:21 IST" duration-ms="11111">
      <class name="RoughSelenium.Webtables">
        <test-method signature="secondDataTable()[pri:0, instance:RoughSelenium.Webtables@292b08d6]" started-at="2025-04-27T17:29:10 IST" name="secondDataTable" finished-at="2025-04-27T17:29:21 IST" duration-ms="11071" status="PASS">
          <reporter-output>
          </reporter-output>
        </test-method> <!-- secondDataTable -->
      </class> <!-- RoughSelenium.Webtables -->
    </test> <!-- Default test -->
  </suite> <!-- Default suite -->
</testng-results>
