<?xml version="1.0" encoding="UTF-8"?>
<testng-results ignored="0" total="1" passed="1" failed="0" skipped="0">
  <reporter-output>
  </reporter-output>
  <suite started-at="2025-05-02T15:55:32 IST" name="Default suite" finished-at="2025-05-02T15:55:42 IST" duration-ms="9733">
    <groups>
    </groups>
    <test started-at="2025-05-02T15:55:32 IST" name="Default test" finished-at="2025-05-02T15:55:42 IST" duration-ms="9733">
      <class name="RoughSelenium.AlertsClass">
        <test-method signature="test1()[pri:0, instance:RoughSelenium.AlertsClass@6989da5e]" started-at="2025-05-02T15:55:32 IST" name="test1" finished-at="2025-05-02T15:55:42 IST" duration-ms="9686" status="PASS">
          <reporter-output>
          </reporter-output>
        </test-method> <!-- test1 -->
      </class> <!-- RoughSelenium.AlertsClass -->
    </test> <!-- Default test -->
  </suite> <!-- Default suite -->
</testng-results>
